<html>
<body>
<pre>
<h1>µVision Build Log</h1>
<h2>Tool Versions:</h2>
IDE-Version: ¦ÌVision V5.31.0.0
Copyright (C) 2020 ARM Ltd and ARM Germany GmbH. All rights reserved.
License Information: xxx xxx, xxxx, LIC=PE7DL-02H95-9UR4U-SMETX-EFB8L-K6IC5
 
Tool Versions:
Toolchain:       MDK-ARM Plus  Version: 5.31.0.0
Toolchain Path:  C:\Data_Disk\keil5_C51+MDK\MDK\ARM\ARMCC\Bin
C Compiler:      Armcc.exe V5.06 update 6 (build 750)
Assembler:       Armasm.exe V5.06 update 6 (build 750)
Linker/Locator:  ArmLink.exe V5.06 update 6 (build 750)
Library Manager: ArmAr.exe V5.06 update 6 (build 750)
Hex Converter:   FromElf.exe V5.06 update 6 (build 750)
CPU DLL:         SARMCM3.DLL V5.31.0.0
Dialog DLL:      DCM.DLL V1.17.3.0
Target DLL:      STLink\ST-LINKIII-KEIL_SWO.dll V3.0.7.0
Dialog DLL:      TCM.DLL V1.46.0.0
 
<h2>Project:</h2>
C:\Users\Raymond_Meng\Desktop\TI-cup\Body_temperature_measurement_device\WS2812B\MDK-ARM\WS2812B.uvprojx
Project File Date:  11/02/2021

<h2>Output:</h2>
*** Using Compiler 'V5.06 update 6 (build 750)', folder: 'C:\Data_Disk\keil5_C51+MDK\MDK\ARM\ARMCC\Bin'
Build target 'WS2812B'
compiling ws2812b.c...
../Core/Inc/ws2812b.h(30): warning:  #1295-D: Deprecated declaration WS2812B_Refresh - give arg types
  void WS2812B_Refresh();
..\Core\Src\ws2812b.c(171): error:  #65: expected a ";"
  						buffer[j] = zero;
..\Core\Src\ws2812b.c(173): error:  #65: expected a ";"
  						buffer[j] = one;
..\Core\Src\ws2812b.c(181): error:  #65: expected a ";"
  						buffer[j] = zero;
..\Core\Src\ws2812b.c(183): error:  #65: expected a ";"
  						buffer[j] = one;
..\Core\Src\ws2812b.c(191): error:  #65: expected a ";"
  						buffer[j] = zero;
..\Core\Src\ws2812b.c(193): error:  #65: expected a ";"
  						buffer[j] = one;
..\Core\Src\ws2812b.c(218): error:  #65: expected a ";"
  					buffer[j] = zero;
..\Core\Src\ws2812b.c(220): error:  #65: expected a ";"
  					buffer[j] = one;
..\Core\Src\ws2812b.c(228): error:  #65: expected a ";"
  					buffer[j] = zero;
..\Core\Src\ws2812b.c(230): error:  #65: expected a ";"
  					buffer[j] = one;
..\Core\Src\ws2812b.c(238): error:  #65: expected a ";"
  					buffer[j] = zero;
..\Core\Src\ws2812b.c(240): error:  #65: expected a ";"
  					buffer[j] = one;
..\Core\Src\ws2812b.c: 1 warning, 12 errors
"WS2812B\WS2812B.axf" - 12 Error(s), 1 Warning(s).

<h2>Software Packages used:</h2>

Package Vendor: ARM
                http://www.keil.com/pack/ARM.CMSIS.5.7.0.pack
                ARM.CMSIS.5.7.0
                CMSIS (Cortex Microcontroller Software Interface Standard)
   * Component: CORE Version: 5.4.0

Package Vendor: Keil
                http://www.keil.com/pack/Keil.STM32F4xx_DFP.2.13.0.pack
                Keil.STM32F4xx_DFP.2.13.0
                STMicroelectronics STM32F4 Series Device Support, Drivers and Examples

<h2>Collection of Component include folders:</h2>
  .\RTE\_WS2812B
  C:\Users\Raymond_Meng\AppData\Local\Arm\Packs\ARM\CMSIS\5.7.0\CMSIS\Core\Include
  C:\Users\Raymond_Meng\AppData\Local\Arm\Packs\Keil\STM32F4xx_DFP\2.13.0\Drivers\CMSIS\Device\ST\STM32F4xx\Include

<h2>Collection of Component Files used:</h2>

   * Component: ARM::CMSIS:CORE:5.4.0
Target not created.
Build Time Elapsed:  00:00:03
</pre>
</body>
</html>
